<?xml version="1.0" encoding="UTF-8"?>
<!-- Generated by org.testng.reporters.JUnitReportReporter -->
<testsuite hostname="LTIN487042" failures="0" tests="10" name="testCases.TestCase_003_EnterpriseValidation" time="51.640" errors="0" timestamp="2024-04-14T10:08:31 IST" skipped="0">
  <testcase classname="testCases.TestCase_003_EnterpriseValidation" name="Enterprise" time="8.116"/>
  <testcase classname="testCases.TestCase_003_EnterpriseValidation" name="Formfilling" time="5.496"/>
  <testcase classname="testCases.TestCase_003_EnterpriseValidation" name="Submitform" time="0.026"/>
  <testcase classname="testCases.TestCase_003_EnterpriseValidation" name="VerifyMsg" time="0.551"/>
  <testcase classname="testCases.TestCase_003_EnterpriseValidation" name="Formfilling2" time="10.881"/>
  <testcase classname="testCases.TestCase_003_EnterpriseValidation" name="Submitform2" time="0.030"/>
  <testcase classname="testCases.TestCase_003_EnterpriseValidation" name="VerifyMsg2" time="0.985"/>
  <testcase classname="testCases.TestCase_003_EnterpriseValidation" name="Formfilling3" time="5.266"/>
  <testcase classname="testCases.TestCase_003_EnterpriseValidation" name="Submitform3" time="0.024"/>
  <testcase classname="testCases.TestCase_003_EnterpriseValidation" name="VerifyMsg3" time="20.265"/>
</testsuite> <!-- testCases.TestCase_003_EnterpriseValidation -->
