<?xml version="1.0" encoding="UTF-8"?>
<!-- Generated by org.testng.reporters.JUnitReportReporter -->
<testsuite hostname="LTIN487042" failures="0" tests="4" name="testCases.TestCase_002_LanguageLearningValidation" time="24.421" errors="0" timestamp="2024-04-14T10:08:31 IST" skipped="0">
  <testcase classname="testCases.TestCase_002_LanguageLearningValidation" name="SiteValidation" time="6.120"/>
  <testcase classname="testCases.TestCase_002_LanguageLearningValidation" name="searchValidation" time="8.800"/>
  <testcase classname="testCases.TestCase_002_LanguageLearningValidation" name="languagesListValidation" time="5.173"/>
  <testcase classname="testCases.TestCase_002_LanguageLearningValidation" name="levelsListValidation" time="4.328"/>
</testsuite> <!-- testCases.TestCase_002_LanguageLearningValidation -->
